[09:34:30:398][INFO]-org.springframework.test.context.support.AbstractTestContextBootstrapper.buildDefaultMergedContextConfiguration(AbstractTestContextBootstrapper.java:308)-Neither @ContextConfiguration nor @ContextHierarchy found for test class [com.ideal.zyxspringboot.ZyxSpringbootApplicationTests], using SpringBootContextLoader
[09:34:30:403][INFO]-org.springframework.test.context.support.AbstractContextLoader.generateDefaultLocations(AbstractContextLoader.java:264)-Could not detect default resource locations for test class [com.ideal.zyxspringboot.ZyxSpringbootApplicationTests]: no resource found for suffixes {-context.xml, Context.groovy}.
[09:34:30:404][INFO]-org.springframework.test.context.support.AnnotationConfigContextLoaderUtils.detectDefaultConfigurationClasses(AnnotationConfigContextLoaderUtils.java:83)-Could not detect default configuration classes for test class [com.ideal.zyxspringboot.ZyxSpringbootApplicationTests]: ZyxSpringbootApplicationTests does not declare any static, non-private, non-final, nested classes annotated with @Configuration.
[09:34:30:566][INFO]-org.springframework.boot.test.context.SpringBootTestContextBootstrapper.getOrFindConfigurationClasses(SpringBootTestContextBootstrapper.java:247)-Found @SpringBootConfiguration com.ideal.zyxspringboot.ZyxSpringbootApplication for test class com.ideal.zyxspringboot.ZyxSpringbootApplicationTests
[09:34:30:741][INFO]-org.springframework.test.context.support.AbstractTestContextBootstrapper.getDefaultTestExecutionListenerClassNames(AbstractTestContextBootstrapper.java:248)-Loaded default TestExecutionListener class names from location [META-INF/spring.factories]: [org.springframework.boot.test.mock.mockito.MockitoTestExecutionListener, org.springframework.boot.test.mock.mockito.ResetMocksTestExecutionListener, org.springframework.boot.test.autoconfigure.restdocs.RestDocsTestExecutionListener, org.springframework.boot.test.autoconfigure.web.client.MockRestServiceServerResetTestExecutionListener, org.springframework.boot.test.autoconfigure.web.servlet.MockMvcPrintOnlyOnFailureTestExecutionListener, org.springframework.boot.test.autoconfigure.web.servlet.WebDriverTestExecutionListener, org.springframework.test.context.web.ServletTestExecutionListener, org.springframework.test.context.support.DirtiesContextBeforeModesTestExecutionListener, org.springframework.test.context.support.DependencyInjectionTestExecutionListener, org.springframework.test.context.support.DirtiesContextTestExecutionListener, org.springframework.test.context.transaction.TransactionalTestExecutionListener, org.springframework.test.context.jdbc.SqlScriptsTestExecutionListener]
[09:34:30:765][INFO]-org.springframework.test.context.support.AbstractTestContextBootstrapper.getTestExecutionListeners(AbstractTestContextBootstrapper.java:177)-Using TestExecutionListeners: [org.springframework.test.context.web.ServletTestExecutionListener@7b4c50bc, org.springframework.test.context.support.DirtiesContextBeforeModesTestExecutionListener@5884a914, org.springframework.boot.test.mock.mockito.MockitoTestExecutionListener@50378a4, org.springframework.boot.test.autoconfigure.SpringBootDependencyInjectionTestExecutionListener@60f00693, org.springframework.test.context.support.DirtiesContextTestExecutionListener@79207381, org.springframework.test.context.transaction.TransactionalTestExecutionListener@491b9b8, org.springframework.test.context.jdbc.SqlScriptsTestExecutionListener@1a4927d6, org.springframework.boot.test.mock.mockito.ResetMocksTestExecutionListener@7a6d7e92, org.springframework.boot.test.autoconfigure.restdocs.RestDocsTestExecutionListener@aba625, org.springframework.boot.test.autoconfigure.web.client.MockRestServiceServerResetTestExecutionListener@97e93f1, org.springframework.boot.test.autoconfigure.web.servlet.MockMvcPrintOnlyOnFailureTestExecutionListener@5a5a729f, org.springframework.boot.test.autoconfigure.web.servlet.WebDriverTestExecutionListener@4b520ea8]
[09:34:31:391][INFO]-org.springframework.boot.StartupInfoLogger.logStarting(StartupInfoLogger.java:50)-Starting ZyxSpringbootApplicationTests on ChinaNet-PC with PID 860 (started by ChinaNet in D:\Program\MACLEARN_PLANT\zyxspringboot-master\zyx-springboot)
[09:34:31:398][INFO]-org.springframework.boot.SpringApplication.logStartupProfileInfo(SpringApplication.java:675)-No active profile set, falling back to default profiles: default
[09:34:33:344][INFO]-org.springframework.data.repository.config.RepositoryConfigurationDelegate.multipleStoresDetected(RepositoryConfigurationDelegate.java:244)-Multiple Spring Data modules found, entering strict repository configuration mode!
[09:34:33:366][INFO]-org.springframework.data.repository.config.RepositoryConfigurationDelegate.registerRepositoriesIn(RepositoryConfigurationDelegate.java:126)-Bootstrapping Spring Data repositories in DEFAULT mode.
[09:34:33:794][INFO]-org.springframework.data.repository.config.RepositoryConfigurationDelegate.registerRepositoriesIn(RepositoryConfigurationDelegate.java:182)-Finished Spring Data repository scanning in 389ms. Found 3 repository interfaces.
[09:34:33:858][INFO]-org.springframework.data.repository.config.RepositoryConfigurationDelegate.multipleStoresDetected(RepositoryConfigurationDelegate.java:244)-Multiple Spring Data modules found, entering strict repository configuration mode!
[09:34:33:860][INFO]-org.springframework.data.repository.config.RepositoryConfigurationDelegate.registerRepositoriesIn(RepositoryConfigurationDelegate.java:126)-Bootstrapping Spring Data repositories in DEFAULT mode.
[09:34:33:977][INFO]-org.springframework.data.repository.config.RepositoryConfigurationExtensionSupport.isStrictRepositoryCandidate(RepositoryConfigurationExtensionSupport.java:363)-Spring Data Redis - Could not safely identify store assignment for repository candidate interface com.ideal.zyxspringboot.repository.AlgoRepository.
[09:34:33:978][INFO]-org.springframework.data.repository.config.RepositoryConfigurationExtensionSupport.isStrictRepositoryCandidate(RepositoryConfigurationExtensionSupport.java:363)-Spring Data Redis - Could not safely identify store assignment for repository candidate interface com.ideal.zyxspringboot.repository.AyUserRepository.
[09:34:33:979][INFO]-org.springframework.data.repository.config.RepositoryConfigurationExtensionSupport.isStrictRepositoryCandidate(RepositoryConfigurationExtensionSupport.java:363)-Spring Data Redis - Could not safely identify store assignment for repository candidate interface com.ideal.zyxspringboot.repository.ParamsAlgoRepository.
[09:34:33:979][INFO]-org.springframework.data.repository.config.RepositoryConfigurationDelegate.registerRepositoriesIn(RepositoryConfigurationDelegate.java:182)-Finished Spring Data repository scanning in 35ms. Found 0 repository interfaces.
[09:34:34:847][INFO]-org.springframework.context.support.PostProcessorRegistrationDelegate$BeanPostProcessorChecker.postProcessAfterInitialization(PostProcessorRegistrationDelegate.java:330)-Bean 'org.springframework.transaction.annotation.ProxyTransactionManagementConfiguration' of type [org.springframework.transaction.annotation.ProxyTransactionManagementConfiguration$$EnhancerBySpringCGLIB$$2b9f8b89] is not eligible for getting processed by all BeanPostProcessors (for example: not eligible for auto-proxying)
[09:34:35:833][INFO]-com.alibaba.druid.pool.DruidDataSource.init(DruidDataSource.java:914)-{dataSource-1} inited
[09:34:36:106][INFO]-org.hibernate.Version.logVersion(Version.java:46)-HHH000412: Hibernate Core {5.3.7.Final}
[09:34:36:108][INFO]-org.hibernate.cfg.Environment.<clinit>(Environment.java:213)-HHH000206: hibernate.properties not found
[09:34:36:342][INFO]-org.hibernate.annotations.common.reflection.java.JavaReflectionManager.<clinit>(JavaReflectionManager.java:49)-HCANN000001: Hibernate Commons Annotations {5.0.4.Final}
[09:34:36:924][INFO]-org.hibernate.dialect.Dialect.<init>(Dialect.java:157)-HHH000400: Using dialect: org.hibernate.dialect.MySQL5Dialect
[09:34:38:052][INFO]-org.springframework.orm.jpa.AbstractEntityManagerFactoryBean.buildNativeEntityManagerFactory(AbstractEntityManagerFactoryBean.java:415)-Initialized JPA EntityManagerFactory for persistence unit 'default'
[09:34:41:478][INFO]-org.springframework.scheduling.concurrent.ExecutorConfigurationSupport.initialize(ExecutorConfigurationSupport.java:171)-Initializing ExecutorService 'applicationTaskExecutor'
[09:34:41:585][WARN]-org.springframework.boot.autoconfigure.orm.jpa.JpaBaseConfiguration$JpaWebConfiguration$JpaWebMvcConfiguration.openEntityManagerInViewInterceptor(JpaBaseConfiguration.java:236)-spring.jpa.open-in-view is enabled by default. Therefore, database queries may be performed during view rendering. Explicitly configure spring.jpa.open-in-view to disable this warning
[09:34:41:963][WARN]-org.thymeleaf.templatemode.TemplateMode.parse(TemplateMode.java:150)-[THYMELEAF][main] Template Mode 'HTML5' is deprecated. Using Template Mode 'HTML' instead.
[09:34:43:025][INFO]-org.springframework.boot.StartupInfoLogger.logStarted(StartupInfoLogger.java:59)-Started ZyxSpringbootApplicationTests in 12.111 seconds (JVM running for 15.751)
[09:34:43:464][INFO]-io.lettuce.core.EpollProvider.<clinit>(EpollProvider.java:68)-Starting without optional epoll library
[09:34:43:467][INFO]-io.lettuce.core.KqueueProvider.<clinit>(KqueueProvider.java:70)-Starting without optional kqueue library
[09:34:44:625][INFO]-org.springframework.scheduling.concurrent.ExecutorConfigurationSupport.shutdown(ExecutorConfigurationSupport.java:208)-Shutting down ExecutorService 'applicationTaskExecutor'
[09:34:45:762][INFO]-org.springframework.orm.jpa.AbstractEntityManagerFactoryBean.destroy(AbstractEntityManagerFactoryBean.java:597)-Closing JPA EntityManagerFactory for persistence unit 'default'
[09:34:45:779][INFO]-com.alibaba.druid.pool.DruidDataSource.close(DruidDataSource.java:1689)-{dataSource-1} closed
[09:35:09:232][INFO]-org.springframework.boot.StartupInfoLogger.logStarting(StartupInfoLogger.java:50)-Starting ZyxSpringbootApplication on ChinaNet-PC with PID 13652 (D:\Program\MACLEARN_PLANT\zyxspringboot-master\zyx-springboot\target\classes started by ChinaNet in D:\Program\MACLEARN_PLANT\zyxspringboot-master\zyx-springboot)
[09:35:09:237][INFO]-org.springframework.boot.SpringApplication.logStartupProfileInfo(SpringApplication.java:675)-No active profile set, falling back to default profiles: default
[09:35:10:230][INFO]-org.springframework.data.repository.config.RepositoryConfigurationDelegate.multipleStoresDetected(RepositoryConfigurationDelegate.java:244)-Multiple Spring Data modules found, entering strict repository configuration mode!
[09:35:10:233][INFO]-org.springframework.data.repository.config.RepositoryConfigurationDelegate.registerRepositoriesIn(RepositoryConfigurationDelegate.java:126)-Bootstrapping Spring Data repositories in DEFAULT mode.
[09:35:10:345][INFO]-org.springframework.data.repository.config.RepositoryConfigurationDelegate.registerRepositoriesIn(RepositoryConfigurationDelegate.java:182)-Finished Spring Data repository scanning in 91ms. Found 3 repository interfaces.
[09:35:10:361][INFO]-org.springframework.data.repository.config.RepositoryConfigurationDelegate.multipleStoresDetected(RepositoryConfigurationDelegate.java:244)-Multiple Spring Data modules found, entering strict repository configuration mode!
[09:35:10:362][INFO]-org.springframework.data.repository.config.RepositoryConfigurationDelegate.registerRepositoriesIn(RepositoryConfigurationDelegate.java:126)-Bootstrapping Spring Data repositories in DEFAULT mode.
[09:35:10:388][INFO]-org.springframework.data.repository.config.RepositoryConfigurationExtensionSupport.isStrictRepositoryCandidate(RepositoryConfigurationExtensionSupport.java:363)-Spring Data Redis - Could not safely identify store assignment for repository candidate interface com.ideal.zyxspringboot.repository.AlgoRepository.
[09:35:10:388][INFO]-org.springframework.data.repository.config.RepositoryConfigurationExtensionSupport.isStrictRepositoryCandidate(RepositoryConfigurationExtensionSupport.java:363)-Spring Data Redis - Could not safely identify store assignment for repository candidate interface com.ideal.zyxspringboot.repository.AyUserRepository.
[09:35:10:389][INFO]-org.springframework.data.repository.config.RepositoryConfigurationExtensionSupport.isStrictRepositoryCandidate(RepositoryConfigurationExtensionSupport.java:363)-Spring Data Redis - Could not safely identify store assignment for repository candidate interface com.ideal.zyxspringboot.repository.ParamsAlgoRepository.
[09:35:10:389][INFO]-org.springframework.data.repository.config.RepositoryConfigurationDelegate.registerRepositoriesIn(RepositoryConfigurationDelegate.java:182)-Finished Spring Data repository scanning in 18ms. Found 0 repository interfaces.
[09:35:10:864][INFO]-org.springframework.context.support.PostProcessorRegistrationDelegate$BeanPostProcessorChecker.postProcessAfterInitialization(PostProcessorRegistrationDelegate.java:330)-Bean 'org.springframework.transaction.annotation.ProxyTransactionManagementConfiguration' of type [org.springframework.transaction.annotation.ProxyTransactionManagementConfiguration$$EnhancerBySpringCGLIB$$a40a1be6] is not eligible for getting processed by all BeanPostProcessors (for example: not eligible for auto-proxying)
[09:35:11:259][INFO]-org.springframework.boot.web.embedded.tomcat.TomcatWebServer.initialize(TomcatWebServer.java:90)-Tomcat initialized with port(s): 8080 (http)
[09:35:11:274][INFO]-org.apache.juli.logging.DirectJDKLog.log(DirectJDKLog.java:173)-Initializing ProtocolHandler ["http-nio-8080"]
[09:35:11:286][INFO]-org.apache.juli.logging.DirectJDKLog.log(DirectJDKLog.java:173)-Starting service [Tomcat]
[09:35:11:287][INFO]-org.apache.juli.logging.DirectJDKLog.log(DirectJDKLog.java:173)-Starting Servlet engine: [Apache Tomcat/9.0.16]
[09:35:11:301][INFO]-org.apache.juli.logging.DirectJDKLog.log(DirectJDKLog.java:173)-The APR based Apache Tomcat Native library which allows optimal performance in production environments was not found on the java.library.path: [C:\Program Files\Java1.8\jdk1.8.0_144\bin;C:\WINDOWS\Sun\Java\bin;C:\WINDOWS\system32;C:\WINDOWS;C:\ProgramData\Oracle\Java\javapath;C:\WINDOWS\system32;C:\WINDOWS;C:\WINDOWS\System32\Wbem;C:\WINDOWS\System32\WindowsPowerShell\v1.0\;C:\Program Files\Java1.8\jdk1.8.0_144\bin;C:\Program Files\Java1.8\jre1.8\bin;D:\awork\Maven3.2.3\bin;D:\node-v8.2.1-win-x64;D:\;C:\Program Files\MongoDB\Server\3.4\bin;C:\Program Files\MySQL\MySQL Utilities 1.6\;D:\TortoiseSvn\bin;C:\Program Files\Microsoft SQL Server\110\Tools\Binn\;C:\Program Files (x86)\Microsoft SDKs\TypeScript\1.0\;C:\Program Files\Microsoft SQL Server\120\Tools\Binn\;D:\apache-ant-1.10.0/bin;C:\Program Files\MySQL\MySQL Server 5.7\bin;C:\Program Files\Git\cmd;C:\WINDOWS\System32\OpenSSH\;D:\SOFT\spring-boot-cli-1.5.8.RELEASE-bin\spring-1.5.8.RELEASE\bin;D:\SOFT\mongodb-win32-x86_64-2008plus-ssl-3.4.18\bin;C:\Program Files\adl;D:\SOFT\Anaconda3;D:\SOFT\Anaconda3\Scripts;D:\SOFT\Anaconda3\Library\bin;C:\Users\ChinaNet\AppData\Local\Programs\Python\Python36\Scripts\;C:\Users\ChinaNet\AppData\Local\Programs\Python\Python36\;D:\Microsoft VS Code\bin;C:\Users\ChinaNet\AppData\Roaming\npm;C:\Users\ChinaNet\AppData\Local\Microsoft\WindowsApps;;.]
[09:35:11:547][INFO]-org.apache.juli.logging.DirectJDKLog.log(DirectJDKLog.java:173)-Initializing Spring embedded WebApplicationContext
[09:35:11:547][INFO]-org.springframework.boot.web.servlet.context.ServletWebServerApplicationContext.prepareWebApplicationContext(ServletWebServerApplicationContext.java:296)-Root WebApplicationContext: initialization completed in 2242 ms
[09:35:12:180][INFO]-com.alibaba.druid.pool.DruidDataSource.init(DruidDataSource.java:914)-{dataSource-1} inited
[09:35:12:333][INFO]-org.hibernate.Version.logVersion(Version.java:46)-HHH000412: Hibernate Core {5.3.7.Final}
[09:35:12:336][INFO]-org.hibernate.cfg.Environment.<clinit>(Environment.java:213)-HHH000206: hibernate.properties not found
[09:35:12:480][INFO]-org.hibernate.annotations.common.reflection.java.JavaReflectionManager.<clinit>(JavaReflectionManager.java:49)-HCANN000001: Hibernate Commons Annotations {5.0.4.Final}
[09:35:12:669][INFO]-org.hibernate.dialect.Dialect.<init>(Dialect.java:157)-HHH000400: Using dialect: org.hibernate.dialect.MySQL5Dialect
[09:35:13:423][INFO]-org.springframework.orm.jpa.AbstractEntityManagerFactoryBean.buildNativeEntityManagerFactory(AbstractEntityManagerFactoryBean.java:415)-Initialized JPA EntityManagerFactory for persistence unit 'default'
[09:35:13:829][INFO]-org.hibernate.hql.internal.QueryTranslatorFactoryInitiator.initiateService(QueryTranslatorFactoryInitiator.java:47)-HHH000397: Using ASTQueryTranslatorFactory
[09:35:14:234][INFO]-io.lettuce.core.EpollProvider.<clinit>(EpollProvider.java:68)-Starting without optional epoll library
[09:35:14:236][INFO]-io.lettuce.core.KqueueProvider.<clinit>(KqueueProvider.java:70)-Starting without optional kqueue library
[09:35:14:922][INFO]-com.ideal.zyxspringboot.listener.AyUserListener.contextInitialized(AyUserListener.java:40)-ServletContext上下文初始化
[09:35:14:922][INFO]-com.ideal.zyxspringboot.listener.AyUserListener.contextInitialized(AyUserListener.java:41)-缓存中目前的用户输有：5人
[09:35:15:314][INFO]-org.springframework.scheduling.concurrent.ExecutorConfigurationSupport.initialize(ExecutorConfigurationSupport.java:171)-Initializing ExecutorService 'applicationTaskExecutor'
[09:35:15:349][WARN]-org.springframework.boot.autoconfigure.orm.jpa.JpaBaseConfiguration$JpaWebConfiguration$JpaWebMvcConfiguration.openEntityManagerInViewInterceptor(JpaBaseConfiguration.java:236)-spring.jpa.open-in-view is enabled by default. Therefore, database queries may be performed during view rendering. Explicitly configure spring.jpa.open-in-view to disable this warning
[09:35:15:461][WARN]-org.thymeleaf.templatemode.TemplateMode.parse(TemplateMode.java:150)-[THYMELEAF][main] Template Mode 'HTML5' is deprecated. Using Template Mode 'HTML' instead.
[09:35:15:802][INFO]-org.apache.juli.logging.DirectJDKLog.log(DirectJDKLog.java:173)-Starting ProtocolHandler ["http-nio-8080"]
[09:35:15:820][INFO]-org.springframework.boot.web.embedded.tomcat.TomcatWebServer.start(TomcatWebServer.java:204)-Tomcat started on port(s): 8080 (http) with context path ''
[09:35:15:823][INFO]-org.springframework.boot.StartupInfoLogger.logStarted(StartupInfoLogger.java:59)-Started ZyxSpringbootApplication in 6.922 seconds (JVM running for 8.613)
